[0.267s] DEBUG:colcon:Command line arguments: ['/usr/bin/colcon', 'list', '-p', '--base-paths', '/home/avena/avena_system']
[0.267s] DEBUG:colcon:Parsed command line arguments: Namespace(base_paths=['/home/avena/avena_system'], build_base='build', ignore_user_meta=False, log_base=None, log_level=None, main=<bound method ListVerb.main of <colcon_package_information.verb.list.ListVerb object at 0x7f007d52a9a0>>, metas=['./colcon.meta'], names_only=False, packages_above=None, packages_above_and_dependencies=None, packages_above_depth=None, packages_end=None, packages_ignore=None, packages_ignore_regex=None, packages_select=None, packages_select_build_failed=False, packages_select_by_dep=None, packages_select_regex=None, packages_select_test_failures=False, packages_skip=None, packages_skip_build_finished=False, packages_skip_by_dep=None, packages_skip_regex=None, packages_skip_test_passed=False, packages_skip_up_to=None, packages_start=None, packages_up_to=None, packages_up_to_regex=None, paths=None, paths_only=True, topological_graph=False, topological_graph_density=False, topological_graph_dot=False, topological_graph_dot_cluster=False, topological_graph_dot_include_skipped=False, topological_graph_legend=False, topological_order=False, verb_extension=<colcon_package_information.verb.list.ListVerb object at 0x7f007d52a9a0>, verb_name='list', verb_parser=<colcon_defaults.argument_parser.defaults.DefaultArgumentsDecorator object at 0x7f007d3a5670>)
[0.300s] Level 1:colcon.colcon_core.package_discovery:discover_packages(colcon_meta) check parameters
[0.300s] Level 1:colcon.colcon_core.package_discovery:discover_packages(recursive) check parameters
[0.300s] Level 1:colcon.colcon_core.package_discovery:discover_packages(ignore) check parameters
[0.300s] Level 1:colcon.colcon_core.package_discovery:discover_packages(path) check parameters
[0.300s] Level 1:colcon.colcon_core.package_discovery:discover_packages(recursive) discover
[0.300s] INFO:colcon.colcon_core.package_discovery:Crawling recursively for packages in '/home/avena/avena_system'
[0.300s] Level 1:colcon.colcon_core.package_identification:_identify(/home/avena/avena_system) by extensions ['ignore', 'ignore_ament_install']
[0.300s] Level 1:colcon.colcon_core.package_identification:_identify(/home/avena/avena_system) by extension 'ignore'
[0.300s] Level 1:colcon.colcon_core.package_identification:_identify(/home/avena/avena_system) by extension 'ignore_ament_install'
[0.300s] Level 1:colcon.colcon_core.package_identification:_identify(/home/avena/avena_system) by extensions ['colcon_pkg']
[0.300s] Level 1:colcon.colcon_core.package_identification:_identify(/home/avena/avena_system) by extension 'colcon_pkg'
[0.300s] Level 1:colcon.colcon_core.package_identification:_identify(/home/avena/avena_system) by extensions ['colcon_meta']
[0.301s] Level 1:colcon.colcon_core.package_identification:_identify(/home/avena/avena_system) by extension 'colcon_meta'
[0.301s] Level 1:colcon.colcon_core.package_identification:_identify(/home/avena/avena_system) by extensions ['ros']
[0.301s] Level 1:colcon.colcon_core.package_identification:_identify(/home/avena/avena_system) by extension 'ros'
[0.311s] Level 1:colcon.colcon_core.package_identification:_identify(/home/avena/avena_system) by extensions ['cmake', 'python']
[0.311s] Level 1:colcon.colcon_core.package_identification:_identify(/home/avena/avena_system) by extension 'cmake'
[0.312s] Level 1:colcon.colcon_core.package_identification:_identify(/home/avena/avena_system) by extension 'python'
[0.312s] Level 1:colcon.colcon_core.package_identification:_identify(/home/avena/avena_system) by extensions ['python_setup_py']
[0.312s] Level 1:colcon.colcon_core.package_identification:_identify(/home/avena/avena_system) by extension 'python_setup_py'
[0.312s] Level 1:colcon.colcon_core.package_identification:_identify(/home/avena/avena_system/avena_bringup) by extensions ['ignore', 'ignore_ament_install']
[0.312s] Level 1:colcon.colcon_core.package_identification:_identify(/home/avena/avena_system/avena_bringup) by extension 'ignore'
[0.312s] Level 1:colcon.colcon_core.package_identification:_identify(/home/avena/avena_system/avena_bringup) by extension 'ignore_ament_install'
[0.312s] Level 1:colcon.colcon_core.package_identification:_identify(/home/avena/avena_system/avena_bringup) by extensions ['colcon_pkg']
[0.312s] Level 1:colcon.colcon_core.package_identification:_identify(/home/avena/avena_system/avena_bringup) by extension 'colcon_pkg'
[0.312s] Level 1:colcon.colcon_core.package_identification:_identify(/home/avena/avena_system/avena_bringup) by extensions ['colcon_meta']
[0.312s] Level 1:colcon.colcon_core.package_identification:_identify(/home/avena/avena_system/avena_bringup) by extension 'colcon_meta'
[0.312s] Level 1:colcon.colcon_core.package_identification:_identify(/home/avena/avena_system/avena_bringup) by extensions ['ros']
[0.312s] Level 1:colcon.colcon_core.package_identification:_identify(/home/avena/avena_system/avena_bringup) by extension 'ros'
[0.315s] DEBUG:colcon.colcon_core.package_identification:Package '/home/avena/avena_system/avena_bringup' with type 'ros.ament_cmake' and name 'avena_bringup'
[0.315s] Level 1:colcon.colcon_core.package_identification:_identify(/home/avena/avena_system/commons) by extensions ['ignore', 'ignore_ament_install']
[0.315s] Level 1:colcon.colcon_core.package_identification:_identify(/home/avena/avena_system/commons) by extension 'ignore'
[0.315s] Level 1:colcon.colcon_core.package_identification:_identify(/home/avena/avena_system/commons) by extension 'ignore_ament_install'
[0.315s] Level 1:colcon.colcon_core.package_identification:_identify(/home/avena/avena_system/commons) by extensions ['colcon_pkg']
[0.315s] Level 1:colcon.colcon_core.package_identification:_identify(/home/avena/avena_system/commons) by extension 'colcon_pkg'
[0.315s] Level 1:colcon.colcon_core.package_identification:_identify(/home/avena/avena_system/commons) by extensions ['colcon_meta']
[0.316s] Level 1:colcon.colcon_core.package_identification:_identify(/home/avena/avena_system/commons) by extension 'colcon_meta'
[0.316s] Level 1:colcon.colcon_core.package_identification:_identify(/home/avena/avena_system/commons) by extensions ['ros']
[0.316s] Level 1:colcon.colcon_core.package_identification:_identify(/home/avena/avena_system/commons) by extension 'ros'
[0.316s] Level 1:colcon.colcon_core.package_identification:_identify(/home/avena/avena_system/commons) by extensions ['cmake', 'python']
[0.316s] Level 1:colcon.colcon_core.package_identification:_identify(/home/avena/avena_system/commons) by extension 'cmake'
[0.316s] Level 1:colcon.colcon_core.package_identification:_identify(/home/avena/avena_system/commons) by extension 'python'
[0.316s] Level 1:colcon.colcon_core.package_identification:_identify(/home/avena/avena_system/commons) by extensions ['python_setup_py']
[0.316s] Level 1:colcon.colcon_core.package_identification:_identify(/home/avena/avena_system/commons) by extension 'python_setup_py'
[0.316s] Level 1:colcon.colcon_core.package_identification:_identify(/home/avena/avena_system/commons/custom_interfaces) by extensions ['ignore', 'ignore_ament_install']
[0.316s] Level 1:colcon.colcon_core.package_identification:_identify(/home/avena/avena_system/commons/custom_interfaces) by extension 'ignore'
[0.316s] Level 1:colcon.colcon_core.package_identification:_identify(/home/avena/avena_system/commons/custom_interfaces) by extension 'ignore_ament_install'
[0.317s] Level 1:colcon.colcon_core.package_identification:_identify(/home/avena/avena_system/commons/custom_interfaces) by extensions ['colcon_pkg']
[0.317s] Level 1:colcon.colcon_core.package_identification:_identify(/home/avena/avena_system/commons/custom_interfaces) by extension 'colcon_pkg'
[0.317s] Level 1:colcon.colcon_core.package_identification:_identify(/home/avena/avena_system/commons/custom_interfaces) by extensions ['colcon_meta']
[0.317s] Level 1:colcon.colcon_core.package_identification:_identify(/home/avena/avena_system/commons/custom_interfaces) by extension 'colcon_meta'
[0.317s] Level 1:colcon.colcon_core.package_identification:_identify(/home/avena/avena_system/commons/custom_interfaces) by extensions ['ros']
[0.317s] Level 1:colcon.colcon_core.package_identification:_identify(/home/avena/avena_system/commons/custom_interfaces) by extension 'ros'
[0.318s] DEBUG:colcon.colcon_core.package_identification:Package '/home/avena/avena_system/commons/custom_interfaces' with type 'ros.ament_cmake' and name 'custom_interfaces'
[0.318s] Level 1:colcon.colcon_core.package_identification:_identify(/home/avena/avena_system/commons/helpers_commons) by extensions ['ignore', 'ignore_ament_install']
[0.318s] Level 1:colcon.colcon_core.package_identification:_identify(/home/avena/avena_system/commons/helpers_commons) by extension 'ignore'
[0.318s] Level 1:colcon.colcon_core.package_identification:_identify(/home/avena/avena_system/commons/helpers_commons) by extension 'ignore_ament_install'
[0.318s] Level 1:colcon.colcon_core.package_identification:_identify(/home/avena/avena_system/commons/helpers_commons) by extensions ['colcon_pkg']
[0.318s] Level 1:colcon.colcon_core.package_identification:_identify(/home/avena/avena_system/commons/helpers_commons) by extension 'colcon_pkg'
[0.318s] Level 1:colcon.colcon_core.package_identification:_identify(/home/avena/avena_system/commons/helpers_commons) by extensions ['colcon_meta']
[0.318s] Level 1:colcon.colcon_core.package_identification:_identify(/home/avena/avena_system/commons/helpers_commons) by extension 'colcon_meta'
[0.319s] Level 1:colcon.colcon_core.package_identification:_identify(/home/avena/avena_system/commons/helpers_commons) by extensions ['ros']
[0.319s] Level 1:colcon.colcon_core.package_identification:_identify(/home/avena/avena_system/commons/helpers_commons) by extension 'ros'
[0.319s] DEBUG:colcon.colcon_core.package_identification:Package '/home/avena/avena_system/commons/helpers_commons' with type 'ros.ament_cmake' and name 'helpers_commons'
[0.320s] Level 1:colcon.colcon_core.package_identification:_identify(/home/avena/avena_system/drivers) by extensions ['ignore', 'ignore_ament_install']
[0.320s] Level 1:colcon.colcon_core.package_identification:_identify(/home/avena/avena_system/drivers) by extension 'ignore'
[0.320s] Level 1:colcon.colcon_core.package_identification:_identify(/home/avena/avena_system/drivers) by extension 'ignore_ament_install'
[0.320s] Level 1:colcon.colcon_core.package_identification:_identify(/home/avena/avena_system/drivers) by extensions ['colcon_pkg']
[0.320s] Level 1:colcon.colcon_core.package_identification:_identify(/home/avena/avena_system/drivers) by extension 'colcon_pkg'
[0.320s] Level 1:colcon.colcon_core.package_identification:_identify(/home/avena/avena_system/drivers) by extensions ['colcon_meta']
[0.320s] Level 1:colcon.colcon_core.package_identification:_identify(/home/avena/avena_system/drivers) by extension 'colcon_meta'
[0.320s] Level 1:colcon.colcon_core.package_identification:_identify(/home/avena/avena_system/drivers) by extensions ['ros']
[0.320s] Level 1:colcon.colcon_core.package_identification:_identify(/home/avena/avena_system/drivers) by extension 'ros'
[0.320s] Level 1:colcon.colcon_core.package_identification:_identify(/home/avena/avena_system/drivers) by extensions ['cmake', 'python']
[0.320s] Level 1:colcon.colcon_core.package_identification:_identify(/home/avena/avena_system/drivers) by extension 'cmake'
[0.320s] Level 1:colcon.colcon_core.package_identification:_identify(/home/avena/avena_system/drivers) by extension 'python'
[0.320s] Level 1:colcon.colcon_core.package_identification:_identify(/home/avena/avena_system/drivers) by extensions ['python_setup_py']
[0.320s] Level 1:colcon.colcon_core.package_identification:_identify(/home/avena/avena_system/drivers) by extension 'python_setup_py'
[0.321s] Level 1:colcon.colcon_core.package_identification:_identify(/home/avena/avena_system/log) by extensions ['ignore', 'ignore_ament_install']
[0.321s] Level 1:colcon.colcon_core.package_identification:_identify(/home/avena/avena_system/log) by extension 'ignore'
[0.321s] Level 1:colcon.colcon_core.package_identification:_identify(/home/avena/avena_system/log) ignored
[0.321s] Level 1:colcon.colcon_core.package_identification:_identify(/home/avena/avena_system/logic) by extensions ['ignore', 'ignore_ament_install']
[0.321s] Level 1:colcon.colcon_core.package_identification:_identify(/home/avena/avena_system/logic) by extension 'ignore'
[0.321s] Level 1:colcon.colcon_core.package_identification:_identify(/home/avena/avena_system/logic) by extension 'ignore_ament_install'
[0.321s] Level 1:colcon.colcon_core.package_identification:_identify(/home/avena/avena_system/logic) by extensions ['colcon_pkg']
[0.321s] Level 1:colcon.colcon_core.package_identification:_identify(/home/avena/avena_system/logic) by extension 'colcon_pkg'
[0.321s] Level 1:colcon.colcon_core.package_identification:_identify(/home/avena/avena_system/logic) by extensions ['colcon_meta']
[0.321s] Level 1:colcon.colcon_core.package_identification:_identify(/home/avena/avena_system/logic) by extension 'colcon_meta'
[0.321s] Level 1:colcon.colcon_core.package_identification:_identify(/home/avena/avena_system/logic) by extensions ['ros']
[0.321s] Level 1:colcon.colcon_core.package_identification:_identify(/home/avena/avena_system/logic) by extension 'ros'
[0.322s] Level 1:colcon.colcon_core.package_identification:_identify(/home/avena/avena_system/logic) by extensions ['cmake', 'python']
[0.322s] Level 1:colcon.colcon_core.package_identification:_identify(/home/avena/avena_system/logic) by extension 'cmake'
[0.322s] Level 1:colcon.colcon_core.package_identification:_identify(/home/avena/avena_system/logic) by extension 'python'
[0.322s] Level 1:colcon.colcon_core.package_identification:_identify(/home/avena/avena_system/logic) by extensions ['python_setup_py']
[0.322s] Level 1:colcon.colcon_core.package_identification:_identify(/home/avena/avena_system/logic) by extension 'python_setup_py'
[0.322s] Level 1:colcon.colcon_core.package_identification:_identify(/home/avena/avena_system/logic/logic_bt) by extensions ['ignore', 'ignore_ament_install']
[0.322s] Level 1:colcon.colcon_core.package_identification:_identify(/home/avena/avena_system/logic/logic_bt) by extension 'ignore'
[0.322s] Level 1:colcon.colcon_core.package_identification:_identify(/home/avena/avena_system/logic/logic_bt) by extension 'ignore_ament_install'
[0.322s] Level 1:colcon.colcon_core.package_identification:_identify(/home/avena/avena_system/logic/logic_bt) by extensions ['colcon_pkg']
[0.322s] Level 1:colcon.colcon_core.package_identification:_identify(/home/avena/avena_system/logic/logic_bt) by extension 'colcon_pkg'
[0.322s] Level 1:colcon.colcon_core.package_identification:_identify(/home/avena/avena_system/logic/logic_bt) by extensions ['colcon_meta']
[0.322s] Level 1:colcon.colcon_core.package_identification:_identify(/home/avena/avena_system/logic/logic_bt) by extension 'colcon_meta'
[0.322s] Level 1:colcon.colcon_core.package_identification:_identify(/home/avena/avena_system/logic/logic_bt) by extensions ['ros']
[0.322s] Level 1:colcon.colcon_core.package_identification:_identify(/home/avena/avena_system/logic/logic_bt) by extension 'ros'
[0.323s] DEBUG:colcon.colcon_core.package_identification:Package '/home/avena/avena_system/logic/logic_bt' with type 'ros.ament_cmake' and name 'logic_bt'
[0.323s] Level 1:colcon.colcon_core.package_identification:_identify(/home/avena/avena_system/parameters_server) by extensions ['ignore', 'ignore_ament_install']
[0.323s] Level 1:colcon.colcon_core.package_identification:_identify(/home/avena/avena_system/parameters_server) by extension 'ignore'
[0.323s] Level 1:colcon.colcon_core.package_identification:_identify(/home/avena/avena_system/parameters_server) by extension 'ignore_ament_install'
[0.324s] Level 1:colcon.colcon_core.package_identification:_identify(/home/avena/avena_system/parameters_server) by extensions ['colcon_pkg']
[0.324s] Level 1:colcon.colcon_core.package_identification:_identify(/home/avena/avena_system/parameters_server) by extension 'colcon_pkg'
[0.324s] Level 1:colcon.colcon_core.package_identification:_identify(/home/avena/avena_system/parameters_server) by extensions ['colcon_meta']
[0.324s] Level 1:colcon.colcon_core.package_identification:_identify(/home/avena/avena_system/parameters_server) by extension 'colcon_meta'
[0.324s] Level 1:colcon.colcon_core.package_identification:_identify(/home/avena/avena_system/parameters_server) by extensions ['ros']
[0.324s] Level 1:colcon.colcon_core.package_identification:_identify(/home/avena/avena_system/parameters_server) by extension 'ros'
[0.325s] DEBUG:colcon.colcon_core.package_identification:Package '/home/avena/avena_system/parameters_server' with type 'ros.ament_cmake' and name 'parameters_server'
[0.325s] Level 1:colcon.colcon_core.package_identification:_identify(/home/avena/avena_system/ui) by extensions ['ignore', 'ignore_ament_install']
[0.325s] Level 1:colcon.colcon_core.package_identification:_identify(/home/avena/avena_system/ui) by extension 'ignore'
[0.325s] Level 1:colcon.colcon_core.package_identification:_identify(/home/avena/avena_system/ui) by extension 'ignore_ament_install'
[0.325s] Level 1:colcon.colcon_core.package_identification:_identify(/home/avena/avena_system/ui) by extensions ['colcon_pkg']
[0.325s] Level 1:colcon.colcon_core.package_identification:_identify(/home/avena/avena_system/ui) by extension 'colcon_pkg'
[0.325s] Level 1:colcon.colcon_core.package_identification:_identify(/home/avena/avena_system/ui) by extensions ['colcon_meta']
[0.325s] Level 1:colcon.colcon_core.package_identification:_identify(/home/avena/avena_system/ui) by extension 'colcon_meta'
[0.325s] Level 1:colcon.colcon_core.package_identification:_identify(/home/avena/avena_system/ui) by extensions ['ros']
[0.325s] Level 1:colcon.colcon_core.package_identification:_identify(/home/avena/avena_system/ui) by extension 'ros'
[0.325s] Level 1:colcon.colcon_core.package_identification:_identify(/home/avena/avena_system/ui) by extensions ['cmake', 'python']
[0.326s] Level 1:colcon.colcon_core.package_identification:_identify(/home/avena/avena_system/ui) by extension 'cmake'
[0.326s] Level 1:colcon.colcon_core.package_identification:_identify(/home/avena/avena_system/ui) by extension 'python'
[0.326s] Level 1:colcon.colcon_core.package_identification:_identify(/home/avena/avena_system/ui) by extensions ['python_setup_py']
[0.326s] Level 1:colcon.colcon_core.package_identification:_identify(/home/avena/avena_system/ui) by extension 'python_setup_py'
[0.326s] Level 1:colcon.colcon_core.package_identification:_identify(/home/avena/avena_system/ui/avena_view) by extensions ['ignore', 'ignore_ament_install']
[0.326s] Level 1:colcon.colcon_core.package_identification:_identify(/home/avena/avena_system/ui/avena_view) by extension 'ignore'
[0.326s] Level 1:colcon.colcon_core.package_identification:_identify(/home/avena/avena_system/ui/avena_view) by extension 'ignore_ament_install'
[0.326s] Level 1:colcon.colcon_core.package_identification:_identify(/home/avena/avena_system/ui/avena_view) by extensions ['colcon_pkg']
[0.326s] Level 1:colcon.colcon_core.package_identification:_identify(/home/avena/avena_system/ui/avena_view) by extension 'colcon_pkg'
[0.326s] Level 1:colcon.colcon_core.package_identification:_identify(/home/avena/avena_system/ui/avena_view) by extensions ['colcon_meta']
[0.326s] Level 1:colcon.colcon_core.package_identification:_identify(/home/avena/avena_system/ui/avena_view) by extension 'colcon_meta'
[0.326s] Level 1:colcon.colcon_core.package_identification:_identify(/home/avena/avena_system/ui/avena_view) by extensions ['ros']
[0.326s] Level 1:colcon.colcon_core.package_identification:_identify(/home/avena/avena_system/ui/avena_view) by extension 'ros'
[0.329s] DEBUG:colcon.colcon_core.package_identification:Package '/home/avena/avena_system/ui/avena_view' with type 'ros.ament_cmake' and name 'avena_view'
[0.329s] Level 1:colcon.colcon_core.package_identification:_identify(/home/avena/avena_system/utils) by extensions ['ignore', 'ignore_ament_install']
[0.329s] Level 1:colcon.colcon_core.package_identification:_identify(/home/avena/avena_system/utils) by extension 'ignore'
[0.329s] Level 1:colcon.colcon_core.package_identification:_identify(/home/avena/avena_system/utils) by extension 'ignore_ament_install'
[0.329s] Level 1:colcon.colcon_core.package_identification:_identify(/home/avena/avena_system/utils) by extensions ['colcon_pkg']
[0.329s] Level 1:colcon.colcon_core.package_identification:_identify(/home/avena/avena_system/utils) by extension 'colcon_pkg'
[0.329s] Level 1:colcon.colcon_core.package_identification:_identify(/home/avena/avena_system/utils) by extensions ['colcon_meta']
[0.329s] Level 1:colcon.colcon_core.package_identification:_identify(/home/avena/avena_system/utils) by extension 'colcon_meta'
[0.329s] Level 1:colcon.colcon_core.package_identification:_identify(/home/avena/avena_system/utils) by extensions ['ros']
[0.329s] Level 1:colcon.colcon_core.package_identification:_identify(/home/avena/avena_system/utils) by extension 'ros'
[0.330s] Level 1:colcon.colcon_core.package_identification:_identify(/home/avena/avena_system/utils) by extensions ['cmake', 'python']
[0.330s] Level 1:colcon.colcon_core.package_identification:_identify(/home/avena/avena_system/utils) by extension 'cmake'
[0.330s] Level 1:colcon.colcon_core.package_identification:_identify(/home/avena/avena_system/utils) by extension 'python'
[0.330s] Level 1:colcon.colcon_core.package_identification:_identify(/home/avena/avena_system/utils) by extensions ['python_setup_py']
[0.330s] Level 1:colcon.colcon_core.package_identification:_identify(/home/avena/avena_system/utils) by extension 'python_setup_py'
[0.330s] Level 1:colcon.colcon_core.package_identification:_identify(/home/avena/avena_system/vision) by extensions ['ignore', 'ignore_ament_install']
[0.330s] Level 1:colcon.colcon_core.package_identification:_identify(/home/avena/avena_system/vision) by extension 'ignore'
[0.330s] Level 1:colcon.colcon_core.package_identification:_identify(/home/avena/avena_system/vision) by extension 'ignore_ament_install'
[0.330s] Level 1:colcon.colcon_core.package_identification:_identify(/home/avena/avena_system/vision) by extensions ['colcon_pkg']
[0.330s] Level 1:colcon.colcon_core.package_identification:_identify(/home/avena/avena_system/vision) by extension 'colcon_pkg'
[0.330s] Level 1:colcon.colcon_core.package_identification:_identify(/home/avena/avena_system/vision) by extensions ['colcon_meta']
[0.330s] Level 1:colcon.colcon_core.package_identification:_identify(/home/avena/avena_system/vision) by extension 'colcon_meta'
[0.330s] Level 1:colcon.colcon_core.package_identification:_identify(/home/avena/avena_system/vision) by extensions ['ros']
[0.331s] Level 1:colcon.colcon_core.package_identification:_identify(/home/avena/avena_system/vision) by extension 'ros'
[0.331s] Level 1:colcon.colcon_core.package_identification:_identify(/home/avena/avena_system/vision) by extensions ['cmake', 'python']
[0.331s] Level 1:colcon.colcon_core.package_identification:_identify(/home/avena/avena_system/vision) by extension 'cmake'
[0.331s] Level 1:colcon.colcon_core.package_identification:_identify(/home/avena/avena_system/vision) by extension 'python'
[0.331s] Level 1:colcon.colcon_core.package_identification:_identify(/home/avena/avena_system/vision) by extensions ['python_setup_py']
[0.331s] Level 1:colcon.colcon_core.package_identification:_identify(/home/avena/avena_system/vision) by extension 'python_setup_py'
[0.331s] Level 1:colcon.colcon_core.package_identification:_identify(/home/avena/avena_system/vision/detect_server) by extensions ['ignore', 'ignore_ament_install']
[0.331s] Level 1:colcon.colcon_core.package_identification:_identify(/home/avena/avena_system/vision/detect_server) by extension 'ignore'
[0.331s] Level 1:colcon.colcon_core.package_identification:_identify(/home/avena/avena_system/vision/detect_server) by extension 'ignore_ament_install'
[0.331s] Level 1:colcon.colcon_core.package_identification:_identify(/home/avena/avena_system/vision/detect_server) by extensions ['colcon_pkg']
[0.331s] Level 1:colcon.colcon_core.package_identification:_identify(/home/avena/avena_system/vision/detect_server) by extension 'colcon_pkg'
[0.331s] Level 1:colcon.colcon_core.package_identification:_identify(/home/avena/avena_system/vision/detect_server) by extensions ['colcon_meta']
[0.331s] Level 1:colcon.colcon_core.package_identification:_identify(/home/avena/avena_system/vision/detect_server) by extension 'colcon_meta'
[0.331s] Level 1:colcon.colcon_core.package_identification:_identify(/home/avena/avena_system/vision/detect_server) by extensions ['ros']
[0.332s] Level 1:colcon.colcon_core.package_identification:_identify(/home/avena/avena_system/vision/detect_server) by extension 'ros'
[0.332s] DEBUG:colcon.colcon_core.package_identification:Package '/home/avena/avena_system/vision/detect_server' with type 'ros.ament_python' and name 'detect_server'
[0.332s] Level 1:colcon.colcon_core.package_identification:_identify(/home/avena/avena_system/vision/helpers_vision) by extensions ['ignore', 'ignore_ament_install']
[0.332s] Level 1:colcon.colcon_core.package_identification:_identify(/home/avena/avena_system/vision/helpers_vision) by extension 'ignore'
[0.332s] Level 1:colcon.colcon_core.package_identification:_identify(/home/avena/avena_system/vision/helpers_vision) by extension 'ignore_ament_install'
[0.332s] Level 1:colcon.colcon_core.package_identification:_identify(/home/avena/avena_system/vision/helpers_vision) by extensions ['colcon_pkg']
[0.333s] Level 1:colcon.colcon_core.package_identification:_identify(/home/avena/avena_system/vision/helpers_vision) by extension 'colcon_pkg'
[0.333s] Level 1:colcon.colcon_core.package_identification:_identify(/home/avena/avena_system/vision/helpers_vision) by extensions ['colcon_meta']
[0.333s] Level 1:colcon.colcon_core.package_identification:_identify(/home/avena/avena_system/vision/helpers_vision) by extension 'colcon_meta'
[0.333s] Level 1:colcon.colcon_core.package_identification:_identify(/home/avena/avena_system/vision/helpers_vision) by extensions ['ros']
[0.333s] Level 1:colcon.colcon_core.package_identification:_identify(/home/avena/avena_system/vision/helpers_vision) by extension 'ros'
[0.334s] DEBUG:colcon.colcon_core.package_identification:Package '/home/avena/avena_system/vision/helpers_vision' with type 'ros.ament_cmake' and name 'helpers_vision'
[0.334s] Level 1:colcon.colcon_core.package_identification:_identify(/home/avena/avena_system/vision/rgb_diff) by extensions ['ignore', 'ignore_ament_install']
[0.334s] Level 1:colcon.colcon_core.package_identification:_identify(/home/avena/avena_system/vision/rgb_diff) by extension 'ignore'
[0.334s] Level 1:colcon.colcon_core.package_identification:_identify(/home/avena/avena_system/vision/rgb_diff) by extension 'ignore_ament_install'
[0.334s] Level 1:colcon.colcon_core.package_identification:_identify(/home/avena/avena_system/vision/rgb_diff) by extensions ['colcon_pkg']
[0.334s] Level 1:colcon.colcon_core.package_identification:_identify(/home/avena/avena_system/vision/rgb_diff) by extension 'colcon_pkg'
[0.334s] Level 1:colcon.colcon_core.package_identification:_identify(/home/avena/avena_system/vision/rgb_diff) by extensions ['colcon_meta']
[0.334s] Level 1:colcon.colcon_core.package_identification:_identify(/home/avena/avena_system/vision/rgb_diff) by extension 'colcon_meta'
[0.334s] Level 1:colcon.colcon_core.package_identification:_identify(/home/avena/avena_system/vision/rgb_diff) by extensions ['ros']
[0.334s] Level 1:colcon.colcon_core.package_identification:_identify(/home/avena/avena_system/vision/rgb_diff) by extension 'ros'
[0.335s] DEBUG:colcon.colcon_core.package_identification:Package '/home/avena/avena_system/vision/rgb_diff' with type 'ros.ament_cmake' and name 'rgb_diff'
[0.335s] Level 1:colcon.colcon_core.package_discovery:discover_packages(recursive) using defaults
